2024-04-25 12:52:33,107 INFO [rast2]                 Book.java:552  | 1 sheet in resouces\application\pdf\rast2.pdf
2024-04-25 12:52:33,286 INFO []                 Book.java:2551 | Stored /book.xml
2024-04-25 12:52:33,286 INFO []                 Book.java:2510 | Book stored as pdf\rast2.omr
2024-04-25 12:52:33,292 INFO []                 Book.java:1951 | Book reaching PAGE on sheets:[#1]
2024-04-25 12:52:33,293 INFO [rast2]       StepMonitoring.java:98   | LOAD
2024-04-25 12:52:33,474 INFO [rast2]                 Book.java:1794 | Loaded image 1 2550x3424 from resouces\application\pdf\rast2.pdf
2024-04-25 12:52:33,478 INFO [rast2]       StepMonitoring.java:98   | BINARY
2024-04-25 12:52:33,936 INFO [rast2]       StepMonitoring.java:98   | SCALE
2024-04-25 12:52:33,961 INFO [rast2]         ScaleBuilder.java:238  | Beam  guessed height: 12 -- 0.50 of 23 interline
2024-04-25 12:52:33,963 INFO [rast2]         ScaleBuilder.java:261  | Beam measured height: 11 -- 0.29 of [6..23] range at 307% of needed quorum
2024-04-25 12:52:33,964 INFO [rast2]            ScaleStep.java:65   | Scale{ interline(22,23,23) line(2,2,2) beam(11)}
2024-04-25 12:52:33,964 INFO [rast2]       StepMonitoring.java:98   | GRID
2024-04-25 12:52:34,241 INFO [rast2]       LinesRetriever.java:1518 | Global slope: 0.00000
2024-04-25 12:52:34,270 INFO [rast2]    ClustersRetriever.java:328  | Retrieved raw line clusters: 6 of sizes [5] with interline(22,23,23)
2024-04-25 12:52:34,375 INFO [rast2]            PeakGraph.java:310  | Systems: #1[1] #2[2] #3[3] #4[4] #5[5] #6[6]
2024-04-25 12:52:34,549 INFO [rast2]        SystemManager.java:736  | 1 part along 6 systems
2024-04-25 12:52:34,549 INFO [rast2]                 Book.java:535  | Created scores: [{Score 1}]
2024-04-25 12:52:34,549 INFO [rast2]       StepMonitoring.java:98   | HEADERS
2024-04-25 12:52:34,771 INFO [rast2]      BasicClassifier.java:277  | Classifier loaded XML norms.
2024-04-25 12:52:34,782 INFO [rast2]   AbstractClassifier.java:396  | Classifier data loaded from default uri jar:file:/D:/Program%20Files/Audiveris/lib/audiveris.jar!/res/basic-classifier.zip
2024-04-25 12:52:35,203 INFO [rast2]       StepMonitoring.java:98   | STEM_SEEDS
2024-04-25 12:52:35,654 INFO [rast2]            ImageUtil.java:204  | Discarding alpha band ...
2024-04-25 12:52:35,841 INFO [rast2]            ImageUtil.java:122  | Converting max RGB to gray
2024-04-25 12:52:36,013 INFO [rast2]        StemSeedsStep.java:86   | stem(2 max:2)
2024-04-25 12:52:36,061 INFO [rast2]       StepMonitoring.java:98   | BEAMS
2024-04-25 12:52:38,027 INFO [rast2]       StepMonitoring.java:98   | LEDGERS
2024-04-25 12:52:38,183 INFO [rast2]       StepMonitoring.java:98   | HEADS
2024-04-25 12:52:40,207 INFO [rast2]        HeadSeedTally.java:235  | Scale information: HeadSeeds{NOTEHEAD_BLACK[L:-0.4,R:-0.7]}
2024-04-25 12:52:40,207 INFO [rast2]       StepMonitoring.java:98   | STEMS
2024-04-25 12:52:40,432 INFO [rast2]       StepMonitoring.java:98   | REDUCTION
2024-04-25 12:52:40,515 INFO [rast2]        ReductionStep.java:93   | Stems free length median value: 79 pixels, 3.4 interlines
2024-04-25 12:52:40,516 INFO [rast2]       StepMonitoring.java:98   | CUE_BEAMS
2024-04-25 12:52:40,516 INFO [rast2]         CueBeamsStep.java:81   | Step CUE_BEAMS is skipped because small heads switch is off
2024-04-25 12:52:40,517 INFO [rast2]       StepMonitoring.java:98   | TEXTS
2024-04-25 12:52:41,628 INFO [rast2]       StepMonitoring.java:98   | MEASURES
2024-04-25 12:52:41,636 INFO [rast2]                 Page.java:307  | 22 raw measures: [4 in system#1, 4 in system#2, 4 in system#3, 4 in system#4, 4 in system#5, 2 in system#6]
2024-04-25 12:52:41,636 INFO [rast2]       StepMonitoring.java:98   | CHORDS
2024-04-25 12:52:41,642 INFO [rast2]       StepMonitoring.java:98   | CURVES
2024-04-25 12:52:42,080 INFO [rast2]         SlursBuilder.java:240  | Slurs: 3
2024-04-25 12:52:42,086 INFO [rast2]      SegmentsBuilder.java:155  | Segments: 1
2024-04-25 12:52:42,092 INFO [rast2]       StepMonitoring.java:98   | SYMBOLS
2024-04-25 12:52:42,186 INFO [rast2]       StepMonitoring.java:98   | LINKS
2024-04-25 12:52:42,204 INFO [rast2]       StepMonitoring.java:98   | RHYTHMS
2024-04-25 12:52:42,231 INFO [rast2]       StepMonitoring.java:98   | PAGE
2024-04-25 12:52:42,239 INFO [rast2]                 Book.java:2571 | Book{rast2} storing
2024-04-25 12:52:42,283 INFO [rast2]                 Book.java:2551 | Stored /book.xml
2024-04-25 12:52:42,350 INFO [rast2]           DataHolder.java:348  | Stored /sheet#1/BINARY.png
2024-04-25 12:52:42,591 INFO [rast2]                Sheet.java:1544 | Stored /sheet#1/sheet#1.xml
2024-04-25 12:52:42,592 INFO [rast2]                 Book.java:2510 | Book stored as pdf\rast2.omr
2024-04-25 12:52:42,593 INFO [rast2]            SheetStub.java:1578 | Disposed sheet
2024-04-25 12:52:42,623 INFO [rast2]                 Book.java:2038 | End of Stub#1 memory: 31,219,816
2024-04-25 12:52:42,897 INFO [rast2]            SheetStub.java:967  | Loaded /sheet#1/sheet#1.xml
2024-04-25 12:52:43,256 INFO [rast2]      PartwiseBuilder.java:2651 | Exporting sheet(s): [#1]
2024-04-25 12:52:43,305 INFO [rast2]        ScoreExporter.java:164  | Score rast2 exported to pdf\rast2.mxl
2024-04-25 12:52:43,326 INFO [rast2]                Score.java:187  | Closing {Score 1}
