2024-04-30 23:15:25,857 INFO [rast-gerdaniye]                 Book.java:552  | 1 sheet in resouces\application\pdf\rast-gerdaniye.pdf
2024-04-30 23:15:25,983 INFO []                 Book.java:2551 | Stored /book.xml
2024-04-30 23:15:25,983 INFO []                 Book.java:2510 | Book stored as resouces\application\pdf\rast-gerdaniye.omr
2024-04-30 23:15:25,983 INFO []                 Book.java:1951 | Book reaching PAGE on sheets:[#1]
2024-04-30 23:15:25,983 INFO [rast-gerdaniye]       StepMonitoring.java:98   | LOAD
2024-04-30 23:15:26,141 INFO [rast-gerdaniye]                 Book.java:1794 | Loaded image 1 2550x3424 from resouces\application\pdf\rast-gerdaniye.pdf
2024-04-30 23:15:26,141 INFO [rast-gerdaniye]       StepMonitoring.java:98   | BINARY
2024-04-30 23:15:26,409 INFO [rast-gerdaniye]       StepMonitoring.java:98   | SCALE
2024-04-30 23:15:26,436 INFO [rast-gerdaniye]         ScaleBuilder.java:238  | Beam  guessed height: 12 -- 0.50 of 23 interline
2024-04-30 23:15:26,436 INFO [rast-gerdaniye]         ScaleBuilder.java:261  | Beam measured height: 11 -- 0.29 of [6..23] range at 392% of needed quorum
2024-04-30 23:15:26,436 INFO [rast-gerdaniye]            ScaleStep.java:65   | Scale{ interline(22,23,23) line(2,2,2) beam(11)}
2024-04-30 23:15:26,436 INFO [rast-gerdaniye]       StepMonitoring.java:98   | GRID
2024-04-30 23:15:26,661 INFO [rast-gerdaniye]       LinesRetriever.java:1518 | Global slope: 0.00000
2024-04-30 23:15:26,692 INFO [rast-gerdaniye]    ClustersRetriever.java:328  | Retrieved raw line clusters: 7 of sizes [5] with interline(22,23,23)
2024-04-30 23:15:26,802 INFO [rast-gerdaniye]            PeakGraph.java:310  | Systems: #1[1] #2[2] #3[3] #4[4] #5[5] #6[6] #7[7]
2024-04-30 23:15:26,944 INFO [rast-gerdaniye]        SystemManager.java:736  | 1 part along 7 systems
2024-04-30 23:15:26,944 INFO [rast-gerdaniye]                 Book.java:535  | Created scores: [{Score 1}]
2024-04-30 23:15:26,944 INFO [rast-gerdaniye]       StepMonitoring.java:98   | HEADERS
2024-04-30 23:15:27,103 INFO [rast-gerdaniye]      BasicClassifier.java:277  | Classifier loaded XML norms.
2024-04-30 23:15:27,103 INFO [rast-gerdaniye]   AbstractClassifier.java:396  | Classifier data loaded from default uri jar:file:/D:/Program%20Files/Audiveris/lib/audiveris.jar!/res/basic-classifier.zip
2024-04-30 23:15:27,451 INFO [rast-gerdaniye]       StepMonitoring.java:98   | STEM_SEEDS
2024-04-30 23:15:27,513 INFO [rast-gerdaniye]            ImageUtil.java:204  | Discarding alpha band ...
2024-04-30 23:15:27,624 INFO [rast-gerdaniye]            ImageUtil.java:122  | Converting max RGB to gray
2024-04-30 23:15:27,751 INFO [rast-gerdaniye]        StemSeedsStep.java:86   | stem(2 max:3)
2024-04-30 23:15:27,814 INFO [rast-gerdaniye]       StepMonitoring.java:98   | BEAMS
2024-04-30 23:15:29,633 INFO [rast-gerdaniye]       StepMonitoring.java:98   | LEDGERS
2024-04-30 23:15:29,806 INFO [rast-gerdaniye]       StepMonitoring.java:98   | HEADS
2024-04-30 23:15:31,679 INFO [rast-gerdaniye]        HeadSeedTally.java:235  | Scale information: HeadSeeds{NOTEHEAD_BLACK[L:-0.3,R:-0.5]}
2024-04-30 23:15:31,680 INFO [rast-gerdaniye]       StepMonitoring.java:98   | STEMS
2024-04-30 23:15:31,831 INFO [rast-gerdaniye]       StepMonitoring.java:98   | REDUCTION
2024-04-30 23:15:31,894 INFO [rast-gerdaniye]        ReductionStep.java:93   | Stems free length median value: 79 pixels, 3.4 interlines
2024-04-30 23:15:31,895 INFO [rast-gerdaniye]       StepMonitoring.java:98   | CUE_BEAMS
2024-04-30 23:15:31,895 INFO [rast-gerdaniye]         CueBeamsStep.java:81   | Step CUE_BEAMS is skipped because small heads switch is off
2024-04-30 23:15:31,896 INFO [rast-gerdaniye]       StepMonitoring.java:98   | TEXTS
2024-04-30 23:15:32,642 INFO [rast-gerdaniye]       StepMonitoring.java:98   | MEASURES
2024-04-30 23:15:32,653 INFO [rast-gerdaniye]                 Page.java:307  | 29 raw measures: [4 in system#1, 4 in system#2, 4 in system#3, 4 in system#4, 4 in system#5, 4 in system#6, 5 in system#7]
2024-04-30 23:15:32,653 INFO [rast-gerdaniye]       StepMonitoring.java:98   | CHORDS
2024-04-30 23:15:32,663 INFO [rast-gerdaniye]       StepMonitoring.java:98   | CURVES
2024-04-30 23:15:33,064 INFO [rast-gerdaniye]         SlursBuilder.java:240  | Slurs: 2
2024-04-30 23:15:33,071 INFO [rast-gerdaniye]      SegmentsBuilder.java:155  | Segments: 2
2024-04-30 23:15:33,088 INFO [rast-gerdaniye]       StepMonitoring.java:98   | SYMBOLS
2024-04-30 23:15:33,211 INFO [rast-gerdaniye]       StepMonitoring.java:98   | LINKS
2024-04-30 23:15:33,235 INFO [rast-gerdaniye]       StepMonitoring.java:98   | RHYTHMS
2024-04-30 23:15:33,263 INFO [rast-gerdaniye]       StepMonitoring.java:98   | PAGE
2024-04-30 23:15:33,270 INFO [rast-gerdaniye]                 Book.java:2571 | Book{rast-gerdaniye} storing
2024-04-30 23:15:33,314 INFO [rast-gerdaniye]                 Book.java:2551 | Stored /book.xml
2024-04-30 23:15:33,366 INFO [rast-gerdaniye]           DataHolder.java:348  | Stored /sheet#1/BINARY.png
2024-04-30 23:15:33,645 INFO [rast-gerdaniye]                Sheet.java:1544 | Stored /sheet#1/sheet#1.xml
2024-04-30 23:15:33,645 INFO [rast-gerdaniye]                 Book.java:2510 | Book stored as resouces\application\pdf\rast-gerdaniye.omr
2024-04-30 23:15:33,648 INFO [rast-gerdaniye]            SheetStub.java:1578 | Disposed sheet
2024-04-30 23:15:33,692 INFO [rast-gerdaniye]                 Book.java:2038 | End of Stub#1 memory: 31,219,400
2024-04-30 23:15:34,073 INFO [rast-gerdaniye]            SheetStub.java:967  | Loaded /sheet#1/sheet#1.xml
2024-04-30 23:15:34,279 INFO [rast-gerdaniye]      PartwiseBuilder.java:2651 | Exporting sheet(s): [#1]
2024-04-30 23:15:34,323 INFO [rast-gerdaniye]        ScoreExporter.java:164  | Score rast-gerdaniye exported to resouces\application\pdf\rast-gerdaniye.mxl
2024-04-30 23:15:34,343 INFO [rast-gerdaniye]                Score.java:187  | Closing {Score 1}
